<?xml version="1.0" encoding="UTF-8"?>
<!-- Generated by org.testng.reporters.JUnitReportReporter -->
<testsuite skipped="0" hostname="DESKTOP-1B5EHLS" name="com.fb.qa.testcases.LoginPageTest" tests="1" failures="0" timestamp="26 Apr 2020 07:09:08 GMT" time="20.062" errors="0">
  <testcase name="loginpageTest" time="20.062" classname="com.fb.qa.testcases.LoginPageTest"/>
</testsuite> <!-- com.fb.qa.testcases.LoginPageTest -->
